1621008923341|DCVM Cyclic Barrier up and running!
1621008923683|All connected!
1621008923765|DCVM Cyclic Barrier accepts: nodes_jvm_uri localhost 43456
1621008923814|DCVM Cyclic Barrier accepts: gestionnaire_jvm_uri localhost 43458
1621008923908|DCVM Cyclic Barrier has received 1 out of 2 expected.
1621008923910|DCVM Cyclic Barrier has received 2 out of 2 expected.
1621008923911|DCVM Cyclic Barrier releases 2 sites.
1621008923994|DCVM Cyclic Barrier accepts: gestionnaire_jvm_uri localhost 43458
1621008924019|DCVM Cyclic Barrier has received 1 out of 2 expected.
1621008924486|DCVM Cyclic Barrier accepts: nodes_jvm_uri localhost 43456
1621008924662|DCVM Cyclic Barrier has received 2 out of 2 expected.
1621008924662|DCVM Cyclic Barrier releases 2 sites.
1621008932947|DCVM Cyclic Barrier accepts: gestionnaire_jvm_uri localhost 43458
1621008932948|DCVM Cyclic Barrier has received 1 out of 2 expected.
1621008937374|DCVM Cyclic Barrier accepts: nodes_jvm_uri localhost 43456
1621008937375|DCVM Cyclic Barrier has received 2 out of 2 expected.
1621008937376|DCVM Cyclic Barrier releases 2 sites.
1621008937389|DCVM Cyclic Barrier accepts: gestionnaire_jvm_uri localhost 43458
1621008937427|DCVM Cyclic Barrier has received 1 out of 2 expected.
1621008938263|DCVM Cyclic Barrier accepts: nodes_jvm_uri localhost 43456
1621008938265|DCVM Cyclic Barrier has received 2 out of 2 expected.
1621008938265|DCVM Cyclic Barrier releases 2 sites.
1621008938275|DCVM Cyclic Barrier accepts: gestionnaire_jvm_uri localhost 43458
1621008938276|DCVM Cyclic Barrier has received 1 out of 2 expected.
1621008938299|DCVM Cyclic Barrier accepts: nodes_jvm_uri localhost 43456
1621008938315|DCVM Cyclic Barrier has received 2 out of 2 expected.
1621008938315|DCVM Cyclic Barrier releases 2 sites.
1621008973933|DCVMCyclicBarrier.run() finished.
1621008987396|DCVMCyclicBarrier.run() finished.
1621008987396|DCVM Cyclic Barrier shuts down!
